{
  "stats": {
    "suites": 1,
    "tests": 1,
    "passes": 1,
    "pending": 0,
    "failures": 0,
    "start": "2024-11-13T13:14:10.327Z",
    "end": "2024-11-13T13:14:15.582Z",
    "duration": 5255,
    "testsRegistered": 1,
    "passPercent": 100,
    "pendingPercent": 0,
    "other": 0,
    "hasOther": false,
    "skipped": 0,
    "hasSkipped": false
  },
  "results": [
    {
      "uuid": "4621c70f-3715-4330-a1ed-4e5da056c148",
      "title": "",
      "fullFile": "cypress\\e2e\\FormTest.cy.js",
      "file": "cypress\\e2e\\FormTest.cy.js",
      "beforeHooks": [],
      "afterHooks": [],
      "tests": [],
      "suites": [
        {
          "uuid": "8153b6ef-ea99-4f43-aa36-3982e6ef941a",
          "title": "Form Automation with Cypress and POM",
          "fullFile": "",
          "file": "",
          "beforeHooks": [],
          "afterHooks": [],
          "tests": [
            {
              "title": "should fill and submit the form",
              "fullTitle": "Form Automation with Cypress and POM should fill and submit the form",
              "timedOut": null,
              "duration": 3960,
              "state": "passed",
              "speed": "fast",
              "pass": true,
              "fail": false,
              "pending": false,
              "context": null,
              "code": "cy.get('@userData').then(data => {\n  console.log(data);\n  _FormPage.default.fillEmail(data.email);\n  _FormPage.default.uploadAvatar(data.photo);\n  _FormPage.default.fillName(data.name);\n  _FormPage.default.fillFirstname(data.firstname);\n  _FormPage.default.fillPassword(data.password);\n  _FormPage.default.fillBirthdate(data.birthdate);\n  _FormPage.default.selectBirthPlace(data.birthPlace);\n  _FormPage.default.selectSexe(data.sexe);\n  _FormPage.default.selectMotifInscription(data.motifInscription);\n  _FormPage.default.selectTypeDocument(data.typeDocument);\n  _FormPage.default.fillNumeroDocument(data.numeroDocument);\n  _FormPage.default.selectNationalite(data.nationalite);\n  _FormPage.default.fillPhoneNumber(data.phoneNumber);\n  _FormPage.default.selectLangueUsuelle(data.langueUsuelle);\n  _FormPage.default.uploadReco(data.recto);\n  _FormPage.default.uploadVerso(data.verso);\n  // FormPage.submitForm();\n});",
              "err": {},
              "uuid": "b83e5df5-411a-404d-a52f-e7740c36bceb",
              "parentUUID": "8153b6ef-ea99-4f43-aa36-3982e6ef941a",
              "isHook": false,
              "skipped": false
            }
          ],
          "suites": [],
          "passes": [
            "b83e5df5-411a-404d-a52f-e7740c36bceb"
          ],
          "failures": [],
          "pending": [],
          "skipped": [],
          "duration": 3960,
          "root": false,
          "rootEmpty": false,
          "_timeout": 2000
        }
      ],
      "passes": [],
      "failures": [],
      "pending": [],
      "skipped": [],
      "duration": 0,
      "root": true,
      "rootEmpty": true,
      "_timeout": 2000
    }
  ],
  "meta": {
    "mocha": {
      "version": "7.0.1"
    },
    "mochawesome": {
      "options": {
        "quiet": false,
        "reportFilename": "mochawesome",
        "saveHtml": false,
        "saveJson": true,
        "consoleReporter": "spec",
        "useInlineDiffs": false,
        "code": true
      },
      "version": "7.1.3"
    },
    "marge": {
      "options": {
        "reportDir": "cypress/reports",
        "overwrite": false,
        "html": false,
        "json": true,
        "setupNodeEvents": "[Function setupNodeEvents]",
        "baseUrl": "http://127.0.0.1:5500/index%20copy.html",
        "env": {
          "browser": [
            "chrome",
            "edge",
            "electron"
          ]
        },
        "video": true,
        "retries": 2
      },
      "version": "6.2.0"
    }
  }
}